

Processing SurveySchemasController#index (for 127.0.0.1 at 2009-08-18 19:10:47) [GET]

ActionController::UnknownAction (No action responded to index. Actions: ):
  

Rendering rescues/layout (not_found)


Processing SurveyResponsesController#index (for 127.0.0.1 at 2009-08-18 19:10:58) [GET]
  Parameters: {"survey_id"=>"1"}

ActionController::UnknownAction (No action responded to index. Actions: ):
  

Rendering rescues/layout (not_found)


Processing SurveyResponsesController#show (for 127.0.0.1 at 2009-08-18 19:11:01) [GET]
  Parameters: {"survey_id"=>"1", "id"=>"1"}

ActionController::UnknownAction (No action responded to show. Actions: ):
  

Rendering rescues/layout (not_found)


Processing SurveySchemasController#index (for 127.0.0.1 at 2009-08-18 19:12:13) [GET]

ActionView::MissingTemplate (Missing template survey_schemas/index.erb in view path app/views):
  

Rendering rescues/layout (internal_server_error)


Processing SurveySchemasController#index (for 127.0.0.1 at 2009-08-18 19:13:58) [GET]
Rendering survey_schemas/index
Completed in 6ms (View: 5, DB: 0) | 200 OK [http://localhost/surveys]


Processing SurveySchemasController#index (for 127.0.0.1 at 2009-08-18 19:14:09) [GET]
Rendering survey_schemas/index
Completed in 5ms (View: 3, DB: 0) | 200 OK [http://localhost/surveys]
